<?xml version="1.0" encoding="UTF-8"?>
<testsuite name="com.example.packageB.ResourceTest" tests="3" skipped="0" failures="2" errors="0" timestamp="2023-11-07T10:05:00" hostname="some.fritz.box" time="29.116">
  <properties/>
  <testcase name="foo()" classname="com.example.packageB.ResourceTest" time="0.67"/>
  <testcase name="bar()" classname="com.example.packageB.ResourceTest" time="0.031">
    <failure message="some.VerificationException: Expected something but received another thing"></failure>
  </testcase>
  <testcase name="baz()" classname="com.example.packageB.ResourceTest" time="0.116">
    <failure message="some.VerificationException: Expected something but received another thing"></failure>
  </testcase>
  <system-out><![CDATA[2023-11-07 11:04:50,524 INFO  [pkg.Clas] (Test worker) log line
]]></system-out>
  <system-err><![CDATA[key: warning.
]]></system-err>
</testsuite>
