<?xml version="1.0" encoding="UTF-8"?>
<testsuite name="com.example.packageA.ResourceTest" tests="2" skipped="0" failures="0" errors="0" timestamp="2023-11-07T10:05:00" hostname="some.fritz.box" time="29.116">
  <properties/>
  <testcase name="foo()" classname="com.example.packageA.ResourceTest" time="1.27"/>
  <testcase name="bar()" classname="com.example.packageA.ResourceTest" time="0.052"/>
  <system-out><![CDATA[2023-11-07 11:04:50,524 INFO  [pkg.Clas] (Test worker) log line
]]></system-out>
  <system-err><![CDATA[key: warning.
]]></system-err>
</testsuite>
